{"total": {"lines":{"total":14,"covered":5,"skipped":0,"pct":35.71},"statements":{"total":14,"covered":5,"skipped":0,"pct":35.71},"functions":{"total":2,"covered":1,"skipped":0,"pct":50},"branches":{"total":2,"covered":1,"skipped":0,"pct":50},"branchesTrue":{"total":0,"covered":0,"skipped":0,"pct":"Unknown"}}
,"C:\\Users\\Unsam\\Desktop\\PROYECTO DE SOFTWARE\\QuickFix\\src\\App.tsx": {"lines":{"total":5,"covered":5,"skipped":0,"pct":100},"functions":{"total":1,"covered":1,"skipped":0,"pct":100},"statements":{"total":5,"covered":5,"skipped":0,"pct":100},"branches":{"total":1,"covered":1,"skipped":0,"pct":100}}
,"C:\\Users\\Unsam\\Desktop\\PROYECTO DE SOFTWARE\\QuickFix\\src\\main.tsx": {"lines":{"total":9,"covered":0,"skipped":0,"pct":0},"functions":{"total":1,"covered":0,"skipped":0,"pct":0},"statements":{"total":9,"covered":0,"skipped":0,"pct":0},"branches":{"total":1,"covered":0,"skipped":0,"pct":0}}
}
